<?xml version="1.0" encoding="UTF-8"?>
<!-- Generated by org.testng.reporters.JUnitReportReporter -->
<testsuite hostname="hp" name="mam.ukma.com.testcases.LoginTest" tests="2" failures="0" timestamp="6 Sep 2016 18:53:33 GMT" time="14.489" errors="0">
  <testcase name="invalidLogin" time="7.975" classname="mam.ukma.com.testcases.LoginTest"/>
  <testcase name="invalidLogin" time="6.514" classname="mam.ukma.com.testcases.LoginTest"/>
</testsuite> <!-- mam.ukma.com.testcases.LoginTest -->
