<?xml version="1.0" encoding="UTF-8"?>
<!-- Generated by org.testng.reporters.JUnitReportReporter -->
<testsuite hostname="hp" name="mam.ukma.com.testcases.BaseTest" tests="1" failures="0" timestamp="4 Sep 2016 08:09:46 GMT" time="0.010" errors="0">
  <testcase name="runTest" time="0.010" classname="mam.ukma.com.testcases.BaseTest"/>
</testsuite> <!-- mam.ukma.com.testcases.BaseTest -->
